

Microchip MPLAB XC8 Assembler V2.20 build 20200408173844 
                                                                                               Sun Jul 05 00:04:49 2020

Microchip MPLAB XC8 C Compiler v2.20 (Free license) build 20200408173844 Og1 
     1                           	processor	16F877A
     2                           	pagewidth 120
     3                           	opt	flic
     4                           	psect	idataCOMMON,global,class=CODE,delta=2,noexec
     5                           	psect	idataBANK0,global,class=CODE,delta=2,noexec
     6                           	psect	cinit,global,class=CODE,merge=1,delta=2
     7                           	psect	bssCOMMON,global,class=COMMON,space=1,delta=1,noexec
     8                           	psect	dataCOMMON,global,class=COMMON,space=1,delta=1,noexec
     9                           	psect	dataBANK0,global,class=BANK0,space=1,delta=1,noexec
    10                           	psect	inittext,global,class=CODE,delta=2
    11                           	psect	cstackCOMMON,global,class=COMMON,space=1,delta=1,noexec
    12                           	psect	cstackBANK0,global,class=BANK0,space=1,delta=1,noexec
    13                           	psect	maintext,global,class=CODE,split=1,delta=2
    14                           	psect	text1,local,class=CODE,merge=1,delta=2
    15                           	psect	text2,local,class=CODE,merge=1,delta=2
    16                           	psect	text3,local,class=CODE,merge=1,delta=2
    17                           	psect	text4,local,class=CODE,merge=1,delta=2
    18                           	psect	text5,local,class=CODE,merge=1,delta=2
    19                           	psect	text6,local,class=CODE,merge=1,delta=2,group=1
    20                           	psect	text7,local,class=CODE,merge=1,delta=2
    21                           	psect	intentry,global,class=CODE,delta=2
    22                           	psect	config,global,abs,ovrld,class=CONFIG,space=4,delta=2,noexec
    23                           	dabs	1,0x7E,2
    24  0000                     
    25                           ; Version 2.20
    26                           ; Generated 12/02/2020 GMT
    27                           ; 
    28                           ; Copyright © 2020, Microchip Technology Inc. and its subsidiaries ("Microchip")
    29                           ; All rights reserved.
    30                           ; 
    31                           ; This software is developed by Microchip Technology Inc. and its subsidiaries ("Microch
      +                          ip").
    32                           ; 
    33                           ; Redistribution and use in source and binary forms, with or without modification, are
    34                           ; permitted provided that the following conditions are met:
    35                           ; 
    36                           ;     1. Redistributions of source code must retain the above copyright notice, this lis
      +                          t of
    37                           ;        conditions and the following disclaimer.
    38                           ; 
    39                           ;     2. Redistributions in binary form must reproduce the above copyright notice, this 
      +                          list
    40                           ;        of conditions and the following disclaimer in the documentation and/or other
    41                           ;        materials provided with the distribution.
    42                           ; 
    43                           ;     3. Microchip's name may not be used to endorse or promote products derived from th
      +                          is
    44                           ;        software without specific prior written permission.
    45                           ; 
    46                           ; THIS SOFTWARE IS PROVIDED BY MICROCHIP "AS IS" AND ANY EXPRESS OR IMPLIED WARRANTIES,
    47                           ; INCLUDING, BUT NOT LIMITED TO, THE IMPLIED WARRANTIES OF MERCHANTABILITY AND FITNESS F
      +                          OR
    48                           ; PURPOSE ARE DISCLAIMED.  IN NO EVENT SHALL MICROCHIP BE LIABLE FOR ANY DIRECT, INDIREC
      +                          T,
    49                           ; INCIDENTAL, SPECIAL, EXEMPLARY, OR CONSEQUENTIAL DAMAGES (INCLUDING BUT NOT LIMITED TO
    50                           ; PROCUREMENT OF SUBSTITUTE GOODS OR SERVICES; LOSS OF USE, DATA OR PROFITS; OR BUSINESS
    51                           ; INTERRUPTION) HOWSOEVER CAUSED AND ON ANY THEORY OF LIABILITY, WHETHER IN CONTRACT, ST
      +                          RICT
    52                           ; LIABILITY, OR TORT (INCLUDING NEGLIGENCE OR OTHERWISE) ARISING IN ANY WAY OUT OF THE U
      +                          SE OF
    53                           ; THIS SOFTWARE, EVEN IF ADVISED OF THE POSSIBILITY OF SUCH DAMAGE.
    54                           ; 
    55                           ; 
    56                           ; Code-generator required, PIC16F877A Definitions
    57                           ; 
    58                           ; SFR Addresses
    59  0000                     	;# 
    60  0001                     	;# 
    61  0002                     	;# 
    62  0003                     	;# 
    63  0004                     	;# 
    64  0005                     	;# 
    65  0006                     	;# 
    66  0007                     	;# 
    67  0008                     	;# 
    68  0009                     	;# 
    69  000A                     	;# 
    70  000B                     	;# 
    71  000C                     	;# 
    72  000D                     	;# 
    73  000E                     	;# 
    74  000E                     	;# 
    75  000F                     	;# 
    76  0010                     	;# 
    77  0011                     	;# 
    78  0012                     	;# 
    79  0013                     	;# 
    80  0014                     	;# 
    81  0015                     	;# 
    82  0015                     	;# 
    83  0016                     	;# 
    84  0017                     	;# 
    85  0018                     	;# 
    86  0019                     	;# 
    87  001A                     	;# 
    88  001B                     	;# 
    89  001B                     	;# 
    90  001C                     	;# 
    91  001D                     	;# 
    92  001E                     	;# 
    93  001F                     	;# 
    94  0081                     	;# 
    95  0085                     	;# 
    96  0086                     	;# 
    97  0087                     	;# 
    98  0088                     	;# 
    99  0089                     	;# 
   100  008C                     	;# 
   101  008D                     	;# 
   102  008E                     	;# 
   103  0091                     	;# 
   104  0092                     	;# 
   105  0093                     	;# 
   106  0094                     	;# 
   107  0098                     	;# 
   108  0099                     	;# 
   109  009C                     	;# 
   110  009D                     	;# 
   111  009E                     	;# 
   112  009F                     	;# 
   113  010C                     	;# 
   114  010D                     	;# 
   115  010E                     	;# 
   116  010F                     	;# 
   117  018C                     	;# 
   118  018D                     	;# 
   119  0000                     	;# 
   120  0001                     	;# 
   121  0002                     	;# 
   122  0003                     	;# 
   123  0004                     	;# 
   124  0005                     	;# 
   125  0006                     	;# 
   126  0007                     	;# 
   127  0008                     	;# 
   128  0009                     	;# 
   129  000A                     	;# 
   130  000B                     	;# 
   131  000C                     	;# 
   132  000D                     	;# 
   133  000E                     	;# 
   134  000E                     	;# 
   135  000F                     	;# 
   136  0010                     	;# 
   137  0011                     	;# 
   138  0012                     	;# 
   139  0013                     	;# 
   140  0014                     	;# 
   141  0015                     	;# 
   142  0015                     	;# 
   143  0016                     	;# 
   144  0017                     	;# 
   145  0018                     	;# 
   146  0019                     	;# 
   147  001A                     	;# 
   148  001B                     	;# 
   149  001B                     	;# 
   150  001C                     	;# 
   151  001D                     	;# 
   152  001E                     	;# 
   153  001F                     	;# 
   154  0081                     	;# 
   155  0085                     	;# 
   156  0086                     	;# 
   157  0087                     	;# 
   158  0088                     	;# 
   159  0089                     	;# 
   160  008C                     	;# 
   161  008D                     	;# 
   162  008E                     	;# 
   163  0091                     	;# 
   164  0092                     	;# 
   165  0093                     	;# 
   166  0094                     	;# 
   167  0098                     	;# 
   168  0099                     	;# 
   169  009C                     	;# 
   170  009D                     	;# 
   171  009E                     	;# 
   172  009F                     	;# 
   173  010C                     	;# 
   174  010D                     	;# 
   175  010E                     	;# 
   176  010F                     	;# 
   177  018C                     	;# 
   178  018D                     	;# 
   179  0000                     	;# 
   180  0001                     	;# 
   181  0002                     	;# 
   182  0003                     	;# 
   183  0004                     	;# 
   184  0005                     	;# 
   185  0006                     	;# 
   186  0007                     	;# 
   187  0008                     	;# 
   188  0009                     	;# 
   189  000A                     	;# 
   190  000B                     	;# 
   191  000C                     	;# 
   192  000D                     	;# 
   193  000E                     	;# 
   194  000E                     	;# 
   195  000F                     	;# 
   196  0010                     	;# 
   197  0011                     	;# 
   198  0012                     	;# 
   199  0013                     	;# 
   200  0014                     	;# 
   201  0015                     	;# 
   202  0015                     	;# 
   203  0016                     	;# 
   204  0017                     	;# 
   205  0018                     	;# 
   206  0019                     	;# 
   207  001A                     	;# 
   208  001B                     	;# 
   209  001B                     	;# 
   210  001C                     	;# 
   211  001D                     	;# 
   212  001E                     	;# 
   213  001F                     	;# 
   214  0081                     	;# 
   215  0085                     	;# 
   216  0086                     	;# 
   217  0087                     	;# 
   218  0088                     	;# 
   219  0089                     	;# 
   220  008C                     	;# 
   221  008D                     	;# 
   222  008E                     	;# 
   223  0091                     	;# 
   224  0092                     	;# 
   225  0093                     	;# 
   226  0094                     	;# 
   227  0098                     	;# 
   228  0099                     	;# 
   229  009C                     	;# 
   230  009D                     	;# 
   231  009E                     	;# 
   232  009F                     	;# 
   233  010C                     	;# 
   234  010D                     	;# 
   235  010E                     	;# 
   236  010F                     	;# 
   237  018C                     	;# 
   238  018D                     	;# 
   239  0000                     	;# 
   240  0001                     	;# 
   241  0002                     	;# 
   242  0003                     	;# 
   243  0004                     	;# 
   244  0005                     	;# 
   245  0006                     	;# 
   246  0007                     	;# 
   247  0008                     	;# 
   248  0009                     	;# 
   249  000A                     	;# 
   250  000B                     	;# 
   251  000C                     	;# 
   252  000D                     	;# 
   253  000E                     	;# 
   254  000E                     	;# 
   255  000F                     	;# 
   256  0010                     	;# 
   257  0011                     	;# 
   258  0012                     	;# 
   259  0013                     	;# 
   260  0014                     	;# 
   261  0015                     	;# 
   262  0015                     	;# 
   263  0016                     	;# 
   264  0017                     	;# 
   265  0018                     	;# 
   266  0019                     	;# 
   267  001A                     	;# 
   268  001B                     	;# 
   269  001B                     	;# 
   270  001C                     	;# 
   271  001D                     	;# 
   272  001E                     	;# 
   273  001F                     	;# 
   274  0081                     	;# 
   275  0085                     	;# 
   276  0086                     	;# 
   277  0087                     	;# 
   278  0088                     	;# 
   279  0089                     	;# 
   280  008C                     	;# 
   281  008D                     	;# 
   282  008E                     	;# 
   283  0091                     	;# 
   284  0092                     	;# 
   285  0093                     	;# 
   286  0094                     	;# 
   287  0098                     	;# 
   288  0099                     	;# 
   289  009C                     	;# 
   290  009D                     	;# 
   291  009E                     	;# 
   292  009F                     	;# 
   293  010C                     	;# 
   294  010D                     	;# 
   295  010E                     	;# 
   296  010F                     	;# 
   297  018C                     	;# 
   298  018D                     	;# 
   299  0000                     	;# 
   300  0001                     	;# 
   301  0002                     	;# 
   302  0003                     	;# 
   303  0004                     	;# 
   304  0005                     	;# 
   305  0006                     	;# 
   306  0007                     	;# 
   307  0008                     	;# 
   308  0009                     	;# 
   309  000A                     	;# 
   310  000B                     	;# 
   311  000C                     	;# 
   312  000D                     	;# 
   313  000E                     	;# 
   314  000E                     	;# 
   315  000F                     	;# 
   316  0010                     	;# 
   317  0011                     	;# 
   318  0012                     	;# 
   319  0013                     	;# 
   320  0014                     	;# 
   321  0015                     	;# 
   322  0015                     	;# 
   323  0016                     	;# 
   324  0017                     	;# 
   325  0018                     	;# 
   326  0019                     	;# 
   327  001A                     	;# 
   328  001B                     	;# 
   329  001B                     	;# 
   330  001C                     	;# 
   331  001D                     	;# 
   332  001E                     	;# 
   333  001F                     	;# 
   334  0081                     	;# 
   335  0085                     	;# 
   336  0086                     	;# 
   337  0087                     	;# 
   338  0088                     	;# 
   339  0089                     	;# 
   340  008C                     	;# 
   341  008D                     	;# 
   342  008E                     	;# 
   343  0091                     	;# 
   344  0092                     	;# 
   345  0093                     	;# 
   346  0094                     	;# 
   347  0098                     	;# 
   348  0099                     	;# 
   349  009C                     	;# 
   350  009D                     	;# 
   351  009E                     	;# 
   352  009F                     	;# 
   353  010C                     	;# 
   354  010D                     	;# 
   355  010E                     	;# 
   356  010F                     	;# 
   357  018C                     	;# 
   358  018D                     	;# 
   359  0000                     	;# 
   360  0001                     	;# 
   361  0002                     	;# 
   362  0003                     	;# 
   363  0004                     	;# 
   364  0005                     	;# 
   365  0006                     	;# 
   366  0007                     	;# 
   367  0008                     	;# 
   368  0009                     	;# 
   369  000A                     	;# 
   370  000B                     	;# 
   371  000C                     	;# 
   372  000D                     	;# 
   373  000E                     	;# 
   374  000E                     	;# 
   375  000F                     	;# 
   376  0010                     	;# 
   377  0011                     	;# 
   378  0012                     	;# 
   379  0013                     	;# 
   380  0014                     	;# 
   381  0015                     	;# 
   382  0015                     	;# 
   383  0016                     	;# 
   384  0017                     	;# 
   385  0018                     	;# 
   386  0019                     	;# 
   387  001A                     	;# 
   388  001B                     	;# 
   389  001B                     	;# 
   390  001C                     	;# 
   391  001D                     	;# 
   392  001E                     	;# 
   393  001F                     	;# 
   394  0081                     	;# 
   395  0085                     	;# 
   396  0086                     	;# 
   397  0087                     	;# 
   398  0088                     	;# 
   399  0089                     	;# 
   400  008C                     	;# 
   401  008D                     	;# 
   402  008E                     	;# 
   403  0091                     	;# 
   404  0092                     	;# 
   405  0093                     	;# 
   406  0094                     	;# 
   407  0098                     	;# 
   408  0099                     	;# 
   409  009C                     	;# 
   410  009D                     	;# 
   411  009E                     	;# 
   412  009F                     	;# 
   413  010C                     	;# 
   414  010D                     	;# 
   415  010E                     	;# 
   416  010F                     	;# 
   417  018C                     	;# 
   418  018D                     	;# 
   419                           
   420                           	psect	idataCOMMON
   421  01C7                     __pidataCOMMON:
   422                           
   423                           ;initializer for _TX_DATA
   424  01C7  3455               	retlw	85
   425                           
   426                           	psect	idataBANK0
   427  01AB                     __pidataBANK0:
   428                           
   429                           ;initializer for _Display_code
   430  01AB  343F               	retlw	63
   431  01AC  3406               	retlw	6
   432  01AD  345B               	retlw	91
   433  01AE  344F               	retlw	79
   434  01AF  3466               	retlw	102
   435  01B0  346D               	retlw	109
   436  01B1  347D               	retlw	125
   437  01B2  3407               	retlw	7
   438  01B3  347F               	retlw	127
   439  01B4  346F               	retlw	111
   440  0007                     _PORTC	set	7
   441  0013                     _SSPBUF	set	19
   442  0014                     _SSPCON	set	20
   443  0008                     _PORTD	set	8
   444  0005                     _PORTA	set	5
   445  00A7                     _WCOL	set	167
   446  00A6                     _SSPOV	set	166
   447  00A4                     _CKP	set	164
   448  0063                     _SSPIF	set	99
   449  005E                     _PEIE	set	94
   450  005F                     _GIE	set	95
   451  00A5                     _SSPEN	set	165
   452  0087                     _TRISC	set	135
   453  0093                     _SSPADD	set	147
   454  0094                     _SSPSTAT	set	148
   455  0091                     _SSPCON2	set	145
   456  0088                     _TRISD	set	136
   457  0085                     _TRISA	set	133
   458  04A0                     _BF	set	1184
   459  04A2                     _R_nW	set	1186
   460  048B                     _RCEN	set	1163
   461  048E                     _ACKSTAT	set	1166
   462  048C                     _ACKEN	set	1164
   463  048D                     _ACKDT	set	1165
   464  0489                     _RSEN	set	1161
   465  048A                     _PEN	set	1162
   466  0488                     _SEN	set	1160
   467  0463                     _SSPIE	set	1123
   468                           
   469                           	psect	cinit
   470  0013                     start_initialization:	
   471                           ; #config settings
   472                           
   473  0013                     __initialization:
   474                           
   475                           ; Initialize objects allocated to BANK0
   476  0013  1383               	bcf	3,7	;select IRP bank0
   477  0014  3044               	movlw	low (__pdataBANK0+10)
   478  0015  00FD               	movwf	btemp+-1
   479  0016  3001               	movlw	high __pidataBANK0
   480  0017  00FE               	movwf	btemp
   481  0018  30AB               	movlw	low __pidataBANK0
   482  0019  00FF               	movwf	btemp+1
   483  001A  303A               	movlw	low __pdataBANK0
   484  001B  0084               	movwf	4
   485  001C  120A  118A  218F  120A  118A  	fcall	init_ram0
   486                           
   487                           ; Initialize objects allocated to COMMON
   488  0021  120A  118A  21C7  120A  118A  	fcall	__pidataCOMMON	;fetch initializer
   489  0026  00F7               	movwf	__pdataCOMMON& (0+127)
   490                           
   491                           ; Clear objects allocated to COMMON
   492  0027  01F6               	clrf	__pbssCOMMON& (0+127)
   493  0028                     end_of_initialization:	
   494                           ;End of C runtime variable initialization code
   495                           
   496  0028                     __end_of__initialization:
   497  0028  0183               	clrf	3
   498  0029  120A  118A  2928   	ljmp	_main	;jump to C main() function
   499                           
   500                           	psect	bssCOMMON
   501  0076                     __pbssCOMMON:
   502  0076                     _RX_Data:
   503  0076                     	ds	1
   504                           
   505                           	psect	dataCOMMON
   506  0077                     __pdataCOMMON:
   507  0077                     _TX_DATA:
   508  0077                     	ds	1
   509                           
   510                           	psect	dataBANK0
   511  003A                     __pdataBANK0:
   512  003A                     _Display_code:
   513  003A                     	ds	10
   514                           
   515                           	psect	inittext
   516  018B                     init_fetch0:	
   517                           ;	Called with low address in FSR and high address in W
   518                           
   519  018B  087E               	movf	btemp,w
   520  018C  008A               	movwf	10
   521  018D  087F               	movf	btemp+1,w
   522  018E  0082               	movwf	2
   523  018F                     init_ram0:	
   524                           ;Called with:
   525                           ;	high address of idata address in btemp 
   526                           ;	low address of idata address in btemp+1 
   527                           ;	low address of data in FSR
   528                           ;	high address + 1 of data in btemp-1
   529                           
   530  018F  120A  118A  218B  120A  118A  	fcall	init_fetch0
   531  0194  0080               	movwf	0
   532  0195  0A84               	incf	4,f
   533  0196  0804               	movf	4,w
   534  0197  067D               	xorwf	btemp+-1,w
   535  0198  1903               	btfsc	3,2
   536  0199  3400               	retlw	0
   537  019A  0AFF               	incf	btemp+1,f
   538  019B  1903               	btfsc	3,2
   539  019C  0AFE               	incf	btemp,f
   540  019D  298F               	goto	init_ram0
   541                           
   542                           	psect	cstackCOMMON
   543  0070                     __pcstackCOMMON:
   544  0070                     ?_I2C_Master_Send_Start:
   545  0070                     ?_I2C_Master_WriteByte:	
   546                           ; 1 bytes @ 0x0
   547                           
   548  0070                     ?_I2C_Master_Send_Stop:	
   549                           ; 1 bytes @ 0x0
   550                           
   551  0070                     ?_I2C_Init:	
   552                           ; 1 bytes @ 0x0
   553                           
   554  0070                     ?_I2C_Wait_IDLE:	
   555                           ; 1 bytes @ 0x0
   556                           
   557  0070                     ?_I2C_INT_SlaveRead:	
   558                           ; 1 bytes @ 0x0
   559                           
   560  0070                     ??_I2C_INT_SlaveRead:	
   561                           ; 1 bytes @ 0x0
   562                           
   563  0070                     ?_main:	
   564                           ; 1 bytes @ 0x0
   565                           
   566                           
   567                           ; 1 bytes @ 0x0
   568  0070                     	ds	6
   569  0076                     ??_I2C_Master_Send_Start:
   570  0076                     ??_I2C_Master_WriteByte:	
   571                           ; 1 bytes @ 0x6
   572                           
   573  0076                     ??_I2C_Master_Send_Stop:	
   574                           ; 1 bytes @ 0x6
   575                           
   576  0076                     ??_I2C_Init:	
   577                           ; 1 bytes @ 0x6
   578                           
   579  0076                     ??_I2C_Wait_IDLE:	
   580                           ; 1 bytes @ 0x6
   581                           
   582  0076                     ??_main:	
   583                           ; 1 bytes @ 0x6
   584                           
   585                           
   586                           	psect	cstackBANK0
   587  0020                     __pcstackBANK0:	
   588                           ; 1 bytes @ 0x6
   589                           
   590  0020                     ?___lldiv:
   591  0020                     I2C_Master_WriteByte@Data:	
   592                           ; 4 bytes @ 0x0
   593                           
   594  0020                     ___lldiv@divisor:	
   595                           ; 1 bytes @ 0x0
   596                           
   597                           
   598                           ; 4 bytes @ 0x0
   599  0020                     	ds	4
   600  0024                     ___lldiv@dividend:
   601                           
   602                           ; 4 bytes @ 0x4
   603  0024                     	ds	4
   604  0028                     ??___lldiv:
   605                           
   606                           ; 1 bytes @ 0x8
   607  0028                     	ds	1
   608  0029                     ___lldiv@quotient:
   609                           
   610                           ; 4 bytes @ 0x9
   611  0029                     	ds	4
   612  002D                     ___lldiv@counter:
   613                           
   614                           ; 1 bytes @ 0xD
   615  002D                     	ds	1
   616  002E                     I2C_Init@i2c_config:
   617                           
   618                           ; 1 bytes @ 0xE
   619  002E                     	ds	6
   620  0034                     main@config:
   621                           
   622                           ; 6 bytes @ 0x14
   623  0034                     	ds	6
   624                           
   625                           	psect	maintext
   626  0128                     __pmaintext:	
   627 ;;
   628 ;;Main: autosize = 0, tempsize = 0, incstack = 0, save=0
   629 ;;
   630 ;; *************** function _main *****************
   631 ;; Defined at:
   632 ;;		line 47 in file "main.c"
   633 ;; Parameters:    Size  Location     Type
   634 ;;		None
   635 ;; Auto vars:     Size  Location     Type
   636 ;;  config          6   20[BANK0 ] struct .
   637 ;;  address         2    0        unsigned short 
   638 ;;  data            1    0        unsigned char 
   639 ;; Return value:  Size  Location     Type
   640 ;;                  1    wreg      void 
   641 ;; Registers used:
   642 ;;		wreg, fsr0l, fsr0h, status,2, status,0, btemp+1, pclath, cstack
   643 ;; Tracked objects:
   644 ;;		On entry : B00/0
   645 ;;		On exit  : 0/0
   646 ;;		Unchanged: 0/0
   647 ;; Data sizes:     COMMON   BANK0   BANK1   BANK3   BANK2
   648 ;;      Params:         0       0       0       0       0
   649 ;;      Locals:         0      11       0       0       0
   650 ;;      Temps:          0       0       0       0       0
   651 ;;      Totals:         0      11       0       0       0
   652 ;;Total ram usage:       11 bytes
   653 ;; Hardware stack levels required when called:    3
   654 ;; This function calls:
   655 ;;		_I2C_Init
   656 ;;		_I2C_Master_Send_Start
   657 ;;		_I2C_Master_Send_Stop
   658 ;;		_I2C_Master_WriteByte
   659 ;; This function is called by:
   660 ;;		Startup code after reset
   661 ;; This function uses a non-reentrant model
   662 ;;
   663                           
   664                           
   665                           ;psect for function _main
   666  0128                     _main:
   667  0128                     l1569:	
   668                           ;incstack = 0
   669                           ; Regs used in _main: [wreg-fsr0h+status,2+status,0+btemp+1+pclath+cstack]
   670                           
   671                           
   672                           ;main.c: 60:     tI2C_Config config;;main.c: 61:     config.BaudRate=100000;
   673  0128  3000               	movlw	0
   674  0129  1283               	bcf	3,5	;RP0=0, select bank0
   675  012A  1303               	bcf	3,6	;RP1=0, select bank0
   676  012B  00B8               	movwf	main@config+4
   677  012C  3001               	movlw	1
   678  012D  00B7               	movwf	main@config+3
   679  012E  3086               	movlw	134
   680  012F  00B6               	movwf	main@config+2
   681  0130  30A0               	movlw	160
   682  0131  00B5               	movwf	main@config+1
   683  0132                     l1571:
   684                           
   685                           ;main.c: 62:     config.Mode=Master_Mode;
   686  0132  3008               	movlw	8
   687  0133  00FF               	movwf	btemp+1
   688  0134  087F               	movf	btemp+1,w
   689  0135  00B4               	movwf	main@config
   690  0136                     l1573:
   691                           
   692                           ;main.c: 63:     config.operationMode=POLLING;
   693  0136  01B9               	clrf	main@config+5
   694  0137                     l1575:
   695                           
   696                           ;main.c: 66:     ((TRISD)= (0u)?(~0u):(0u));
   697  0137  3034               	movlw	(low (main@config| 0))& (0+255)
   698  0138  120A  118A  2094  120A  118A  	fcall	_I2C_Init
   699  013D                     l1577:
   700  013D                     l238:
   701  013D  1683               	bsf	3,5	;RP0=1, select bank1
   702  013E  1303               	bcf	3,6	;RP1=0, select bank1
   703  013F  0188               	clrf	8	;volatile
   704  0140                     l1581:
   705                           
   706                           ;main.c: 67:     ((PORTD)=(0x00));
   707  0140  1283               	bcf	3,5	;RP0=0, select bank0
   708  0141  1303               	bcf	3,6	;RP1=0, select bank0
   709  0142  0188               	clrf	8	;volatile
   710  0143                     l1583:
   711  0143                     l1585:
   712  0143                     l1587:
   713                           
   714                           ;main.c: 70:     I2C_Master_Send_Start();
   715  0143  120A  118A  21BE  120A  118A  	fcall	_I2C_Master_Send_Start
   716  0148                     l1589:
   717                           
   718                           ;main.c: 71:     I2C_Master_WriteByte(0x40);
   719  0148  3040               	movlw	64
   720  0149  120A  118A  216F  120A  118A  	fcall	_I2C_Master_WriteByte
   721  014E                     l1591:
   722                           
   723                           ;main.c: 72:     I2C_Master_WriteByte(0x55);
   724  014E  3055               	movlw	85
   725  014F  120A  118A  216F  120A  118A  	fcall	_I2C_Master_WriteByte
   726  0154                     l1593:
   727                           
   728                           ;main.c: 73:     I2C_Master_Send_Stop();
   729  0154  120A  118A  21B5  120A  118A  	fcall	_I2C_Master_Send_Stop
   730  0159                     l1597:	
   731                           ;main.c: 102:     (0u)? (TRISC |= (1<<2)) : (TRISC &= ~(1<<2));
   732                           
   733  0159  30FB               	movlw	251
   734  015A  00FF               	movwf	btemp+1
   735  015B  087F               	movf	btemp+1,w
   736  015C  1683               	bsf	3,5	;RP0=1, select bank1
   737  015D  1303               	bcf	3,6	;RP1=0, select bank1
   738  015E  0587               	andwf	7,f	;volatile
   739  015F                     l1599:
   740  015F  1283               	bcf	3,5	;RP0=0, select bank0
   741  0160  1303               	bcf	3,6	;RP1=0, select bank0
   742  0161  1507               	bsf	7,2	;volatile
   743  0162                     l1605:
   744  0162  30DF               	movlw	223
   745  0163  00FF               	movwf	btemp+1
   746  0164  087F               	movf	btemp+1,w
   747  0165  1683               	bsf	3,5	;RP0=1, select bank1
   748  0166  1303               	bcf	3,6	;RP1=0, select bank1
   749  0167  0587               	andwf	7,f	;volatile
   750  0168                     l1607:
   751  0168  1283               	bcf	3,5	;RP0=0, select bank0
   752  0169  1303               	bcf	3,6	;RP1=0, select bank0
   753  016A  1687               	bsf	7,5	;volatile
   754  016B                     l255:	
   755                           ;main.c: 106:     while(1)
   756                           
   757  016B  296B               	goto	l255
   758  016C  120A  118A  2810   	ljmp	start
   759  016F                     __end_of_main:
   760                           
   761                           	psect	text1
   762  016F                     __ptext1:	
   763 ;; *************** function _I2C_Master_WriteByte *****************
   764 ;; Defined at:
   765 ;;		line 95 in file "i2c.c"
   766 ;; Parameters:    Size  Location     Type
   767 ;;  Data            1    wreg     unsigned char 
   768 ;; Auto vars:     Size  Location     Type
   769 ;;  Data            1    0[BANK0 ] unsigned char 
   770 ;; Return value:  Size  Location     Type
   771 ;;                  1    wreg      unsigned char 
   772 ;; Registers used:
   773 ;;		wreg, status,2, status,0, pclath, cstack
   774 ;; Tracked objects:
   775 ;;		On entry : 0/0
   776 ;;		On exit  : 0/0
   777 ;;		Unchanged: 0/0
   778 ;; Data sizes:     COMMON   BANK0   BANK1   BANK3   BANK2
   779 ;;      Params:         0       0       0       0       0
   780 ;;      Locals:         0       1       0       0       0
   781 ;;      Temps:          0       0       0       0       0
   782 ;;      Totals:         0       1       0       0       0
   783 ;;Total ram usage:        1 bytes
   784 ;; Hardware stack levels used:    1
   785 ;; Hardware stack levels required when called:    2
   786 ;; This function calls:
   787 ;;		_I2C_Wait_IDLE
   788 ;; This function is called by:
   789 ;;		_main
   790 ;;		_EEPROM_WriteByte
   791 ;;		_EEPROM_WritePage
   792 ;;		_EEPROM_ReadByte
   793 ;;		_EEPROM_ReadPage
   794 ;; This function uses a non-reentrant model
   795 ;;
   796                           
   797                           
   798                           ;psect for function _I2C_Master_WriteByte
   799  016F                     _I2C_Master_WriteByte:
   800                           
   801                           ;incstack = 0
   802                           ; Regs used in _I2C_Master_WriteByte: [wreg+status,2+status,0+pclath+cstack]
   803                           ;I2C_Master_WriteByte@Data stored from wreg
   804  016F  1283               	bcf	3,5	;RP0=0, select bank0
   805  0170  1303               	bcf	3,6	;RP1=0, select bank0
   806  0171  00A0               	movwf	I2C_Master_WriteByte@Data
   807  0172                     l1451:
   808                           
   809                           ;i2c.c: 95: uint8_t I2C_Master_WriteByte(uint8_t Data);i2c.c: 96: {;i2c.c: 98:     I2C_W
      +                          ait_IDLE();
   810  0172  120A  118A  219E  120A  118A  	fcall	_I2C_Wait_IDLE
   811  0177                     l1453:
   812                           
   813                           ;i2c.c: 99:     SSPBUF=Data;
   814  0177  1283               	bcf	3,5	;RP0=0, select bank0
   815  0178  1303               	bcf	3,6	;RP1=0, select bank0
   816  0179  0820               	movf	I2C_Master_WriteByte@Data,w
   817  017A  0093               	movwf	19	;volatile
   818  017B                     l168:	
   819                           ;i2c.c: 100:     while(!SSPIF);
   820                           
   821  017B  1D8C               	btfss	12,3	;volatile
   822  017C  297E               	goto	u751
   823  017D  297F               	goto	u750
   824  017E                     u751:
   825  017E  297B               	goto	l168
   826  017F                     u750:
   827  017F                     l170:
   828                           
   829                           ;i2c.c: 101:     SSPIF=0;
   830  017F  118C               	bcf	12,3	;volatile
   831  0180                     l1455:
   832                           
   833                           ;i2c.c: 102:     I2C_Wait_IDLE();
   834  0180  120A  118A  219E  120A  118A  	fcall	_I2C_Wait_IDLE
   835  0185                     l1457:
   836                           
   837                           ;i2c.c: 103:     return ACKSTAT;
   838  0185  3000               	movlw	0
   839  0186  1683               	bsf	3,5	;RP0=1, select bank1
   840  0187  1303               	bcf	3,6	;RP1=0, select bank1
   841  0188  1B11               	btfsc	17,6	;volatile
   842  0189  3001               	movlw	1
   843  018A                     l171:
   844  018A  0008               	return
   845  018B                     __end_of_I2C_Master_WriteByte:
   846                           
   847                           	psect	text2
   848  01B5                     __ptext2:	
   849 ;; *************** function _I2C_Master_Send_Stop *****************
   850 ;; Defined at:
   851 ;;		line 67 in file "i2c.c"
   852 ;; Parameters:    Size  Location     Type
   853 ;;		None
   854 ;; Auto vars:     Size  Location     Type
   855 ;;		None
   856 ;; Return value:  Size  Location     Type
   857 ;;                  1    wreg      void 
   858 ;; Registers used:
   859 ;;		wreg, status,2, status,0, pclath, cstack
   860 ;; Tracked objects:
   861 ;;		On entry : 0/0
   862 ;;		On exit  : 0/0
   863 ;;		Unchanged: 0/0
   864 ;; Data sizes:     COMMON   BANK0   BANK1   BANK3   BANK2
   865 ;;      Params:         0       0       0       0       0
   866 ;;      Locals:         0       0       0       0       0
   867 ;;      Temps:          0       0       0       0       0
   868 ;;      Totals:         0       0       0       0       0
   869 ;;Total ram usage:        0 bytes
   870 ;; Hardware stack levels used:    1
   871 ;; Hardware stack levels required when called:    2
   872 ;; This function calls:
   873 ;;		_I2C_Wait_IDLE
   874 ;; This function is called by:
   875 ;;		_main
   876 ;;		_EEPROM_WriteByte
   877 ;;		_EEPROM_WritePage
   878 ;;		_EEPROM_ReadByte
   879 ;;		_EEPROM_ReadPage
   880 ;; This function uses a non-reentrant model
   881 ;;
   882                           
   883                           
   884                           ;psect for function _I2C_Master_Send_Stop
   885  01B5                     _I2C_Master_Send_Stop:
   886  01B5                     l1461:	
   887                           ;incstack = 0
   888                           ; Regs used in _I2C_Master_Send_Stop: [wreg+status,2+status,0+pclath+cstack]
   889                           
   890                           
   891                           ;i2c.c: 70:     I2C_Wait_IDLE();
   892  01B5  120A  118A  219E  120A  118A  	fcall	_I2C_Wait_IDLE
   893  01BA                     l1463:
   894                           
   895                           ;i2c.c: 71:     PEN=1 ;
   896  01BA  1683               	bsf	3,5	;RP0=1, select bank1
   897  01BB  1303               	bcf	3,6	;RP1=0, select bank1
   898  01BC  1511               	bsf	17,2	;volatile
   899  01BD                     l156:
   900  01BD  0008               	return
   901  01BE                     __end_of_I2C_Master_Send_Stop:
   902                           
   903                           	psect	text3
   904  01BE                     __ptext3:	
   905 ;; *************** function _I2C_Master_Send_Start *****************
   906 ;; Defined at:
   907 ;;		line 61 in file "i2c.c"
   908 ;; Parameters:    Size  Location     Type
   909 ;;		None
   910 ;; Auto vars:     Size  Location     Type
   911 ;;		None
   912 ;; Return value:  Size  Location     Type
   913 ;;                  1    wreg      void 
   914 ;; Registers used:
   915 ;;		wreg, status,2, status,0, pclath, cstack
   916 ;; Tracked objects:
   917 ;;		On entry : 0/0
   918 ;;		On exit  : 0/0
   919 ;;		Unchanged: 0/0
   920 ;; Data sizes:     COMMON   BANK0   BANK1   BANK3   BANK2
   921 ;;      Params:         0       0       0       0       0
   922 ;;      Locals:         0       0       0       0       0
   923 ;;      Temps:          0       0       0       0       0
   924 ;;      Totals:         0       0       0       0       0
   925 ;;Total ram usage:        0 bytes
   926 ;; Hardware stack levels used:    1
   927 ;; Hardware stack levels required when called:    2
   928 ;; This function calls:
   929 ;;		_I2C_Wait_IDLE
   930 ;; This function is called by:
   931 ;;		_main
   932 ;;		_EEPROM_WriteByte
   933 ;;		_EEPROM_WritePage
   934 ;;		_EEPROM_ReadByte
   935 ;;		_EEPROM_ReadPage
   936 ;; This function uses a non-reentrant model
   937 ;;
   938                           
   939                           
   940                           ;psect for function _I2C_Master_Send_Start
   941  01BE                     _I2C_Master_Send_Start:
   942  01BE                     l1447:	
   943                           ;incstack = 0
   944                           ; Regs used in _I2C_Master_Send_Start: [wreg+status,2+status,0+pclath+cstack]
   945                           
   946                           
   947                           ;i2c.c: 64:     I2C_Wait_IDLE();
   948  01BE  120A  118A  219E  120A  118A  	fcall	_I2C_Wait_IDLE
   949  01C3                     l1449:
   950                           
   951                           ;i2c.c: 65:     SEN=1 ;
   952  01C3  1683               	bsf	3,5	;RP0=1, select bank1
   953  01C4  1303               	bcf	3,6	;RP1=0, select bank1
   954  01C5  1411               	bsf	17,0	;volatile
   955  01C6                     l153:
   956  01C6  0008               	return
   957  01C7                     __end_of_I2C_Master_Send_Start:
   958                           
   959                           	psect	text4
   960  019E                     __ptext4:	
   961 ;; *************** function _I2C_Wait_IDLE *****************
   962 ;; Defined at:
   963 ;;		line 53 in file "i2c.c"
   964 ;; Parameters:    Size  Location     Type
   965 ;;		None
   966 ;; Auto vars:     Size  Location     Type
   967 ;;		None
   968 ;; Return value:  Size  Location     Type
   969 ;;                  1    wreg      void 
   970 ;; Registers used:
   971 ;;		wreg, status,2
   972 ;; Tracked objects:
   973 ;;		On entry : 0/0
   974 ;;		On exit  : 0/0
   975 ;;		Unchanged: 0/0
   976 ;; Data sizes:     COMMON   BANK0   BANK1   BANK3   BANK2
   977 ;;      Params:         0       0       0       0       0
   978 ;;      Locals:         0       0       0       0       0
   979 ;;      Temps:          0       0       0       0       0
   980 ;;      Totals:         0       0       0       0       0
   981 ;;Total ram usage:        0 bytes
   982 ;; Hardware stack levels used:    1
   983 ;; Hardware stack levels required when called:    1
   984 ;; This function calls:
   985 ;;		Nothing
   986 ;; This function is called by:
   987 ;;		_I2C_Master_Send_Start
   988 ;;		_I2C_Master_Send_Stop
   989 ;;		_I2C_Master_WriteByte
   990 ;;		_I2C_Master_Send_RepeatedStart
   991 ;;		_I2C_Master_Send_ACK
   992 ;;		_I2C_Master_Send_NACK
   993 ;;		_I2C_Master_ReadByte
   994 ;; This function uses a non-reentrant model
   995 ;;
   996                           
   997                           
   998                           ;psect for function _I2C_Wait_IDLE
   999  019E                     _I2C_Wait_IDLE:
  1000  019E                     l1417:	
  1001                           ;incstack = 0
  1002                           ; Regs used in _I2C_Wait_IDLE: [wreg+status,2]
  1003                           
  1004  019E                     l147:	
  1005                           ;i2c.c: 58:     while ((SSPSTAT & 0x04) || (SSPCON2 & 0x1F));
  1006                           
  1007  019E  1683               	bsf	3,5	;RP0=1, select bank1
  1008  019F  1303               	bcf	3,6	;RP1=0, select bank1
  1009  01A0  1914               	btfsc	20,2	;volatile
  1010  01A1  29A3               	goto	u661
  1011  01A2  29A4               	goto	u660
  1012  01A3                     u661:
  1013  01A3  299E               	goto	l147
  1014  01A4                     u660:
  1015  01A4                     l1419:
  1016  01A4  0811               	movf	17,w	;volatile
  1017  01A5  391F               	andlw	31
  1018  01A6  1D03               	btfss	3,2
  1019  01A7  29A9               	goto	u671
  1020  01A8  29AA               	goto	u670
  1021  01A9                     u671:
  1022  01A9  299E               	goto	l147
  1023  01AA                     u670:
  1024  01AA                     l150:
  1025  01AA  0008               	return
  1026  01AB                     __end_of_I2C_Wait_IDLE:
  1027                           
  1028                           	psect	text5
  1029  0094                     __ptext5:	
  1030 ;; *************** function _I2C_Init *****************
  1031 ;; Defined at:
  1032 ;;		line 12 in file "i2c.c"
  1033 ;; Parameters:    Size  Location     Type
  1034 ;;  i2c_config      1    wreg     PTR struct .
  1035 ;;		 -> main@config(6), 
  1036 ;; Auto vars:     Size  Location     Type
  1037 ;;  i2c_config      1   14[BANK0 ] PTR struct .
  1038 ;;		 -> main@config(6), 
  1039 ;; Return value:  Size  Location     Type
  1040 ;;                  1    wreg      void 
  1041 ;; Registers used:
  1042 ;;		wreg, fsr0l, fsr0h, status,2, status,0, btemp+1, pclath, cstack
  1043 ;; Tracked objects:
  1044 ;;		On entry : 0/0
  1045 ;;		On exit  : 0/0
  1046 ;;		Unchanged: 0/0
  1047 ;; Data sizes:     COMMON   BANK0   BANK1   BANK3   BANK2
  1048 ;;      Params:         0       0       0       0       0
  1049 ;;      Locals:         0       1       0       0       0
  1050 ;;      Temps:          0       0       0       0       0
  1051 ;;      Totals:         0       1       0       0       0
  1052 ;;Total ram usage:        1 bytes
  1053 ;; Hardware stack levels used:    1
  1054 ;; Hardware stack levels required when called:    2
  1055 ;; This function calls:
  1056 ;;		___lldiv
  1057 ;; This function is called by:
  1058 ;;		_main
  1059 ;; This function uses a non-reentrant model
  1060 ;;
  1061                           
  1062                           
  1063                           ;psect for function _I2C_Init
  1064  0094                     _I2C_Init:
  1065                           
  1066                           ;incstack = 0
  1067                           ; Regs used in _I2C_Init: [wreg-fsr0h+status,2+status,0+btemp+1+pclath+cstack]
  1068                           ;I2C_Init@i2c_config stored from wreg
  1069  0094  1283               	bcf	3,5	;RP0=0, select bank0
  1070  0095  1303               	bcf	3,6	;RP1=0, select bank0
  1071  0096  00AE               	movwf	I2C_Init@i2c_config
  1072  0097                     l1465:
  1073                           
  1074                           ;i2c.c: 12: void I2C_Init(tI2C_Config *i2c_config);i2c.c: 13: {;i2c.c: 15:     SSPCON2=0
      +                          x00;
  1075  0097  1683               	bsf	3,5	;RP0=1, select bank1
  1076  0098  1303               	bcf	3,6	;RP1=0, select bank1
  1077  0099  0191               	clrf	17	;volatile
  1078                           
  1079                           ;i2c.c: 16:     SSPSTAT=0x00;
  1080  009A  0194               	clrf	20	;volatile
  1081  009B                     l1467:
  1082                           
  1083                           ;i2c.c: 18:     SSPCON |= i2c_config->Mode;
  1084  009B  1283               	bcf	3,5	;RP0=0, select bank0
  1085  009C  1303               	bcf	3,6	;RP1=0, select bank0
  1086  009D  082E               	movf	I2C_Init@i2c_config,w
  1087  009E  0084               	movwf	4
  1088  009F  1383               	bcf	3,7	;select IRP bank0
  1089  00A0  0800               	movf	0,w
  1090  00A1  00FF               	movwf	btemp+1
  1091  00A2  087F               	movf	btemp+1,w
  1092  00A3  0494               	iorwf	20,f	;volatile
  1093  00A4                     l1469:
  1094                           
  1095                           ;i2c.c: 22:     SSPADD = (((4000000/4)/i2c_config->BaudRate) - 1);
  1096  00A4  0A2E               	incf	I2C_Init@i2c_config,w
  1097  00A5  0084               	movwf	4
  1098  00A6  0800               	movf	0,w
  1099  00A7  00A0               	movwf	___lldiv@divisor
  1100  00A8  0A84               	incf	4,f
  1101  00A9  0800               	movf	0,w
  1102  00AA  00A1               	movwf	___lldiv@divisor+1
  1103  00AB  0A84               	incf	4,f
  1104  00AC  0800               	movf	0,w
  1105  00AD  00A2               	movwf	___lldiv@divisor+2
  1106  00AE  0A84               	incf	4,f
  1107  00AF  0800               	movf	0,w
  1108  00B0  00A3               	movwf	___lldiv@divisor+3
  1109  00B1  3000               	movlw	0
  1110  00B2  00A7               	movwf	___lldiv@dividend+3
  1111  00B3  300F               	movlw	15
  1112  00B4  00A6               	movwf	___lldiv@dividend+2
  1113  00B5  3042               	movlw	66
  1114  00B6  00A5               	movwf	___lldiv@dividend+1
  1115  00B7  3040               	movlw	64
  1116  00B8  00A4               	movwf	___lldiv@dividend
  1117  00B9  120A  118A  202C  120A  118A  	fcall	___lldiv
  1118  00BE  1283               	bcf	3,5	;RP0=0, select bank0
  1119  00BF  1303               	bcf	3,6	;RP1=0, select bank0
  1120  00C0  0820               	movf	?___lldiv,w
  1121  00C1  3EFF               	addlw	255
  1122  00C2  1683               	bsf	3,5	;RP0=1, select bank1
  1123  00C3  1303               	bcf	3,6	;RP1=0, select bank1
  1124  00C4  0093               	movwf	19	;volatile
  1125  00C5                     l1471:
  1126                           
  1127                           ;i2c.c: 32:     SSPEN=1;
  1128  00C5  1283               	bcf	3,5	;RP0=0, select bank0
  1129  00C6  1303               	bcf	3,6	;RP1=0, select bank0
  1130  00C7  1694               	bsf	20,5	;volatile
  1131  00C8                     l1473:
  1132                           
  1133                           ;i2c.c: 38:     (1u)? (TRISC |= (1<<4)) : (TRISC &= ~(1<<4));
  1134  00C8  3080               	movlw	128
  1135  00C9  1683               	bsf	3,5	;RP0=1, select bank1
  1136  00CA  1303               	bcf	3,6	;RP1=0, select bank1
  1137  00CB  0094               	movwf	20	;volatile
  1138  00CC                     l1475:
  1139  00CC  1607               	bsf	7,4	;volatile
  1140  00CD                     l1479:
  1141  00CD  1587               	bsf	7,3	;volatile
  1142  00CE                     l1483:
  1143                           
  1144                           ;i2c.c: 44:     if(i2c_config->operationMode==INTERRUPT)
  1145  00CE  1283               	bcf	3,5	;RP0=0, select bank0
  1146  00CF  1303               	bcf	3,6	;RP1=0, select bank0
  1147  00D0  082E               	movf	I2C_Init@i2c_config,w
  1148  00D1  3E05               	addlw	5
  1149  00D2  0084               	movwf	4
  1150  00D3  1383               	bcf	3,7	;select IRP bank0
  1151  00D4  0300               	decf	0,w
  1152  00D5  1D03               	btfss	3,2
  1153  00D6  28D8               	goto	u761
  1154  00D7  28D9               	goto	u760
  1155  00D8                     u761:
  1156  00D8  28DF               	goto	l144
  1157  00D9                     u760:
  1158  00D9                     l1485:
  1159                           
  1160                           ;i2c.c: 45:     {;i2c.c: 46:           GIE = 1;
  1161  00D9  178B               	bsf	11,7	;volatile
  1162                           
  1163                           ;i2c.c: 47:           PEIE = 1;
  1164  00DA  170B               	bsf	11,6	;volatile
  1165                           
  1166                           ;i2c.c: 48:           SSPIF = 0;
  1167  00DB  118C               	bcf	12,3	;volatile
  1168                           
  1169                           ;i2c.c: 49:           SSPIE = 1;
  1170  00DC  1683               	bsf	3,5	;RP0=1, select bank1
  1171  00DD  1303               	bcf	3,6	;RP1=0, select bank1
  1172  00DE  158C               	bsf	12,3	;volatile
  1173  00DF                     l144:
  1174  00DF  0008               	return
  1175  00E0                     __end_of_I2C_Init:
  1176                           
  1177                           	psect	text6
  1178  002C                     __ptext6:	
  1179 ;; *************** function ___lldiv *****************
  1180 ;; Defined at:
  1181 ;;		line 5 in file "C:\Program Files\Microchip\xc8\v2.20\pic\sources\c90\common\__lldiv.c"
  1182 ;; Parameters:    Size  Location     Type
  1183 ;;  divisor         4    0[BANK0 ] unsigned long 
  1184 ;;  dividend        4    4[BANK0 ] unsigned long 
  1185 ;; Auto vars:     Size  Location     Type
  1186 ;;  quotient        4    9[BANK0 ] unsigned long 
  1187 ;;  counter         1   13[BANK0 ] unsigned char 
  1188 ;; Return value:  Size  Location     Type
  1189 ;;                  4    0[BANK0 ] unsigned long 
  1190 ;; Registers used:
  1191 ;;		wreg, status,2, status,0, btemp+1
  1192 ;; Tracked objects:
  1193 ;;		On entry : 0/0
  1194 ;;		On exit  : 0/0
  1195 ;;		Unchanged: 0/0
  1196 ;; Data sizes:     COMMON   BANK0   BANK1   BANK3   BANK2
  1197 ;;      Params:         0       8       0       0       0
  1198 ;;      Locals:         0       5       0       0       0
  1199 ;;      Temps:          0       1       0       0       0
  1200 ;;      Totals:         0      14       0       0       0
  1201 ;;Total ram usage:       14 bytes
  1202 ;; Hardware stack levels used:    1
  1203 ;; Hardware stack levels required when called:    1
  1204 ;; This function calls:
  1205 ;;		Nothing
  1206 ;; This function is called by:
  1207 ;;		_I2C_Init
  1208 ;; This function uses a non-reentrant model
  1209 ;;
  1210                           
  1211                           
  1212                           ;psect for function ___lldiv
  1213  002C                     ___lldiv:
  1214  002C                     l1421:	
  1215                           ;incstack = 0
  1216                           ; Regs used in ___lldiv: [wreg+status,2+status,0+btemp+1]
  1217                           
  1218  002C  3000               	movlw	0
  1219  002D  1283               	bcf	3,5	;RP0=0, select bank0
  1220  002E  1303               	bcf	3,6	;RP1=0, select bank0
  1221  002F  00AC               	movwf	___lldiv@quotient+3
  1222  0030  3000               	movlw	0
  1223  0031  00AB               	movwf	___lldiv@quotient+2
  1224  0032  3000               	movlw	0
  1225  0033  00AA               	movwf	___lldiv@quotient+1
  1226  0034  3000               	movlw	0
  1227  0035  00A9               	movwf	___lldiv@quotient
  1228  0036  0823               	movf	___lldiv@divisor+3,w
  1229  0037  0422               	iorwf	___lldiv@divisor+2,w
  1230  0038  0421               	iorwf	___lldiv@divisor+1,w
  1231  0039  0420               	iorwf	___lldiv@divisor,w
  1232  003A  1903               	skipnz
  1233  003B  283D               	goto	u681
  1234  003C  283E               	goto	u680
  1235  003D                     u681:
  1236  003D  288B               	goto	l1443
  1237  003E                     u680:
  1238  003E                     l1423:
  1239  003E  01AD               	clrf	___lldiv@counter
  1240  003F  0AAD               	incf	___lldiv@counter,f
  1241  0040  284E               	goto	l1429
  1242  0041                     l1425:
  1243  0041  3001               	movlw	1
  1244  0042  00A8               	movwf	??___lldiv
  1245  0043                     u695:
  1246  0043  1003               	clrc
  1247  0044  0DA0               	rlf	___lldiv@divisor,f
  1248  0045  0DA1               	rlf	___lldiv@divisor+1,f
  1249  0046  0DA2               	rlf	___lldiv@divisor+2,f
  1250  0047  0DA3               	rlf	___lldiv@divisor+3,f
  1251  0048  0BA8               	decfsz	??___lldiv,f
  1252  0049  2843               	goto	u695
  1253  004A                     l1427:
  1254  004A  3001               	movlw	1
  1255  004B  00FF               	movwf	btemp+1
  1256  004C  087F               	movf	btemp+1,w
  1257  004D  07AD               	addwf	___lldiv@counter,f
  1258  004E                     l1429:
  1259  004E  1FA3               	btfss	___lldiv@divisor+3,7
  1260  004F  2851               	goto	u701
  1261  0050  2852               	goto	u700
  1262  0051                     u701:
  1263  0051  2841               	goto	l1425
  1264  0052                     u700:
  1265  0052                     l1431:
  1266  0052  3001               	movlw	1
  1267  0053  00A8               	movwf	??___lldiv
  1268  0054                     u715:
  1269  0054  1003               	clrc
  1270  0055  0DA9               	rlf	___lldiv@quotient,f
  1271  0056  0DAA               	rlf	___lldiv@quotient+1,f
  1272  0057  0DAB               	rlf	___lldiv@quotient+2,f
  1273  0058  0DAC               	rlf	___lldiv@quotient+3,f
  1274  0059  0BA8               	decfsz	??___lldiv,f
  1275  005A  2854               	goto	u715
  1276  005B                     l1433:
  1277  005B  0823               	movf	___lldiv@divisor+3,w
  1278  005C  0227               	subwf	___lldiv@dividend+3,w
  1279  005D  1D03               	skipz
  1280  005E  2869               	goto	u725
  1281  005F  0822               	movf	___lldiv@divisor+2,w
  1282  0060  0226               	subwf	___lldiv@dividend+2,w
  1283  0061  1D03               	skipz
  1284  0062  2869               	goto	u725
  1285  0063  0821               	movf	___lldiv@divisor+1,w
  1286  0064  0225               	subwf	___lldiv@dividend+1,w
  1287  0065  1D03               	skipz
  1288  0066  2869               	goto	u725
  1289  0067  0820               	movf	___lldiv@divisor,w
  1290  0068  0224               	subwf	___lldiv@dividend,w
  1291  0069                     u725:
  1292  0069  1C03               	skipc
  1293  006A  286C               	goto	u721
  1294  006B  286D               	goto	u720
  1295  006C                     u721:
  1296  006C  287C               	goto	l1439
  1297  006D                     u720:
  1298  006D                     l1435:
  1299  006D  0820               	movf	___lldiv@divisor,w
  1300  006E  02A4               	subwf	___lldiv@dividend,f
  1301  006F  0821               	movf	___lldiv@divisor+1,w
  1302  0070  1C03               	skipc
  1303  0071  0F21               	incfsz	___lldiv@divisor+1,w
  1304  0072  02A5               	subwf	___lldiv@dividend+1,f
  1305  0073  0822               	movf	___lldiv@divisor+2,w
  1306  0074  1C03               	skipc
  1307  0075  0F22               	incfsz	___lldiv@divisor+2,w
  1308  0076  02A6               	subwf	___lldiv@dividend+2,f
  1309  0077  0823               	movf	___lldiv@divisor+3,w
  1310  0078  1C03               	skipc
  1311  0079  0F23               	incfsz	___lldiv@divisor+3,w
  1312  007A  02A7               	subwf	___lldiv@dividend+3,f
  1313  007B                     l1437:
  1314  007B  1429               	bsf	___lldiv@quotient,0
  1315  007C                     l1439:
  1316  007C  3001               	movlw	1
  1317  007D                     u735:
  1318  007D  1003               	clrc
  1319  007E  0CA3               	rrf	___lldiv@divisor+3,f
  1320  007F  0CA2               	rrf	___lldiv@divisor+2,f
  1321  0080  0CA1               	rrf	___lldiv@divisor+1,f
  1322  0081  0CA0               	rrf	___lldiv@divisor,f
  1323  0082  3EFF               	addlw	-1
  1324  0083  1D03               	skipz
  1325  0084  287D               	goto	u735
  1326  0085                     l1441:
  1327  0085  3001               	movlw	1
  1328  0086  02AD               	subwf	___lldiv@counter,f
  1329  0087  1D03               	btfss	3,2
  1330  0088  288A               	goto	u741
  1331  0089  288B               	goto	u740
  1332  008A                     u741:
  1333  008A  2852               	goto	l1431
  1334  008B                     u740:
  1335  008B                     l1443:
  1336  008B  082C               	movf	___lldiv@quotient+3,w
  1337  008C  00A3               	movwf	?___lldiv+3
  1338  008D  082B               	movf	___lldiv@quotient+2,w
  1339  008E  00A2               	movwf	?___lldiv+2
  1340  008F  082A               	movf	___lldiv@quotient+1,w
  1341  0090  00A1               	movwf	?___lldiv+1
  1342  0091  0829               	movf	___lldiv@quotient,w
  1343  0092  00A0               	movwf	?___lldiv
  1344  0093                     l393:
  1345  0093  0008               	return
  1346  0094                     __end_of___lldiv:
  1347                           
  1348                           	psect	text7
  1349  00E0                     __ptext7:	
  1350 ;; *************** function _I2C_INT_SlaveRead *****************
  1351 ;; Defined at:
  1352 ;;		line 16 in file "main.c"
  1353 ;; Parameters:    Size  Location     Type
  1354 ;;		None
  1355 ;; Auto vars:     Size  Location     Type
  1356 ;;  Dummy           1    0        unsigned char 
  1357 ;;  Dummy           1    0        unsigned char 
  1358 ;;  Dummy           1    0        unsigned char 
  1359 ;; Return value:  Size  Location     Type
  1360 ;;                  1    wreg      void 
  1361 ;; Registers used:
  1362 ;;		wreg, btemp+1
  1363 ;; Tracked objects:
  1364 ;;		On entry : 0/0
  1365 ;;		On exit  : 0/0
  1366 ;;		Unchanged: 0/0
  1367 ;; Data sizes:     COMMON   BANK0   BANK1   BANK3   BANK2
  1368 ;;      Params:         0       0       0       0       0
  1369 ;;      Locals:         3       0       0       0       0
  1370 ;;      Temps:          3       0       0       0       0
  1371 ;;      Totals:         6       0       0       0       0
  1372 ;;Total ram usage:        6 bytes
  1373 ;; Hardware stack levels used:    1
  1374 ;; This function calls:
  1375 ;;		Nothing
  1376 ;; This function is called by:
  1377 ;;		Interrupt level 1
  1378 ;; This function uses a non-reentrant model
  1379 ;;
  1380                           
  1381                           
  1382                           ;psect for function _I2C_INT_SlaveRead
  1383  00E0                     _I2C_INT_SlaveRead:
  1384  00E0                     i1l1079:
  1385                           
  1386                           ;main.c: 18:     if(SSPIF)
  1387  00E0  1D8C               	btfss	12,3	;volatile
  1388  00E1  28E3               	goto	u30_21
  1389  00E2  28E4               	goto	u30_20
  1390  00E3                     u30_21:
  1391  00E3  291F               	goto	i1l230
  1392  00E4                     u30_20:
  1393  00E4                     i1l1081:
  1394                           
  1395                           ;main.c: 19:     {;main.c: 20:         CKP=0;
  1396  00E4  1214               	bcf	20,4	;volatile
  1397                           
  1398                           ;main.c: 22:         if(SSPOV || WCOL)
  1399  00E5  1B14               	btfsc	20,6	;volatile
  1400  00E6  28E8               	goto	u31_21
  1401  00E7  28E9               	goto	u31_20
  1402  00E8                     u31_21:
  1403  00E8  28ED               	goto	i1l1085
  1404  00E9                     u31_20:
  1405  00E9                     i1l1083:
  1406  00E9  1F94               	btfss	20,7	;volatile
  1407  00EA  28EC               	goto	u32_21
  1408  00EB  28ED               	goto	u32_20
  1409  00EC                     u32_21:
  1410  00EC  28F1               	goto	i1l1093
  1411  00ED                     u32_20:
  1412  00ED                     i1l1085:
  1413  00ED  0813               	movf	19,w	;volatile
  1414  00EE                     i1l1087:
  1415                           
  1416                           ;main.c: 25:             SSPOV = 0;
  1417  00EE  1314               	bcf	20,6	;volatile
  1418  00EF                     i1l1089:
  1419                           
  1420                           ;main.c: 26:             WCOL = 0;
  1421  00EF  1394               	bcf	20,7	;volatile
  1422  00F0                     i1l1091:
  1423                           
  1424                           ;main.c: 27:             CKP = 1;
  1425  00F0  1614               	bsf	20,4	;volatile
  1426  00F1                     i1l1093:
  1427                           
  1428                           ;main.c: 29:         if(!R_nW)
  1429  00F1  1683               	bsf	3,5	;RP0=1, select bank1
  1430  00F2  1303               	bcf	3,6	;RP1=0, select bank1
  1431  00F3  1914               	btfsc	20,2	;volatile
  1432  00F4  28F6               	goto	u33_21
  1433  00F5  28F7               	goto	u33_20
  1434  00F6                     u33_21:
  1435  00F6  2908               	goto	i1l221
  1436  00F7                     u33_20:
  1437  00F7                     i1l1095:
  1438  00F7  1283               	bcf	3,5	;RP0=0, select bank0
  1439  00F8  1303               	bcf	3,6	;RP1=0, select bank0
  1440  00F9  0813               	movf	19,w	;volatile
  1441  00FA                     i1l222:	
  1442                           ;main.c: 32:            while(!BF);
  1443                           
  1444  00FA  1683               	bsf	3,5	;RP0=1, select bank1
  1445  00FB  1303               	bcf	3,6	;RP1=0, select bank1
  1446  00FC  1C14               	btfss	20,0	;volatile
  1447  00FD  28FF               	goto	u34_21
  1448  00FE  2900               	goto	u34_20
  1449  00FF                     u34_21:
  1450  00FF  28FA               	goto	i1l222
  1451  0100                     u34_20:
  1452  0100                     i1l1097:
  1453                           
  1454                           ;main.c: 33:            RX_Data = SSPBUF;
  1455  0100  1283               	bcf	3,5	;RP0=0, select bank0
  1456  0101  1303               	bcf	3,6	;RP1=0, select bank0
  1457  0102  0813               	movf	19,w	;volatile
  1458  0103  00FF               	movwf	btemp+1
  1459  0104  087F               	movf	btemp+1,w
  1460  0105  00F6               	movwf	_RX_Data
  1461  0106                     i1l1099:
  1462                           
  1463                           ;main.c: 34:            CKP = 1;
  1464  0106  1614               	bsf	20,4	;volatile
  1465                           
  1466                           ;main.c: 35:         }
  1467  0107  291D               	goto	i1l225
  1468  0108                     i1l221:	
  1469                           ;main.c: 36:         else if(R_nW)
  1470                           
  1471  0108  1D14               	btfss	20,2	;volatile
  1472  0109  290B               	goto	u35_21
  1473  010A  290C               	goto	u35_20
  1474  010B                     u35_21:
  1475  010B  291D               	goto	i1l225
  1476  010C                     u35_20:
  1477  010C                     i1l1101:
  1478  010C  1283               	bcf	3,5	;RP0=0, select bank0
  1479  010D  1303               	bcf	3,6	;RP1=0, select bank0
  1480  010E  0813               	movf	19,w	;volatile
  1481  010F                     i1l1103:
  1482                           
  1483                           ;main.c: 39:            BF = 0;
  1484  010F  1683               	bsf	3,5	;RP0=1, select bank1
  1485  0110  1303               	bcf	3,6	;RP1=0, select bank1
  1486  0111  1014               	bcf	20,0	;volatile
  1487  0112                     i1l1105:
  1488                           
  1489                           ;main.c: 40:            SSPBUF = TX_DATA;
  1490  0112  0877               	movf	_TX_DATA,w
  1491  0113  1283               	bcf	3,5	;RP0=0, select bank0
  1492  0114  1303               	bcf	3,6	;RP1=0, select bank0
  1493  0115  0093               	movwf	19	;volatile
  1494  0116                     i1l1107:
  1495                           
  1496                           ;main.c: 41:            CKP = 1;
  1497  0116  1614               	bsf	20,4	;volatile
  1498  0117                     i1l227:	
  1499                           ;main.c: 42:            while(BF);
  1500                           
  1501  0117  1683               	bsf	3,5	;RP0=1, select bank1
  1502  0118  1303               	bcf	3,6	;RP1=0, select bank1
  1503  0119  1814               	btfsc	20,0	;volatile
  1504  011A  291C               	goto	u36_21
  1505  011B  291D               	goto	u36_20
  1506  011C                     u36_21:
  1507  011C  2917               	goto	i1l227
  1508  011D                     u36_20:
  1509  011D                     i1l225:
  1510                           
  1511                           ;main.c: 44:         SSPIF=0;
  1512  011D  1283               	bcf	3,5	;RP0=0, select bank0
  1513  011E  118C               	bcf	12,3	;volatile
  1514  011F                     i1l230:
  1515  011F  0872               	movf	??_I2C_INT_SlaveRead+2,w
  1516  0120  00FF               	movwf	btemp+1
  1517  0121  0871               	movf	??_I2C_INT_SlaveRead+1,w
  1518  0122  008A               	movwf	10
  1519  0123  0E70               	swapf	??_I2C_INT_SlaveRead^(0+4294967168),w
  1520  0124  0083               	movwf	3
  1521  0125  0EFE               	swapf	btemp,f
  1522  0126  0E7E               	swapf	btemp,w
  1523  0127  0009               	retfie
  1524  0128                     __end_of_I2C_INT_SlaveRead:
  1525  007E                     btemp	set	126	;btemp
  1526  007E                     wtemp0	set	126
  1527                           
  1528                           	psect	intentry
  1529  0004                     __pintentry:	
  1530                           ;incstack = 0
  1531                           ; Regs used in _I2C_INT_SlaveRead: [wreg+btemp+1]
  1532                           
  1533  0004                     interrupt_function:
  1534  007E                     saved_w	set	btemp
  1535  0004  00FE               	movwf	btemp
  1536  0005  0E03               	swapf	3,w
  1537  0006  00F0               	movwf	??_I2C_INT_SlaveRead
  1538  0007  080A               	movf	10,w
  1539  0008  00F1               	movwf	??_I2C_INT_SlaveRead+1
  1540  0009  1283               	bcf	3,5	;RP0=0, select bank0
  1541  000A  1303               	bcf	3,6	;RP1=0, select bank0
  1542  000B  087F               	movf	btemp+1,w
  1543  000C  00F2               	movwf	??_I2C_INT_SlaveRead+2
  1544  000D  120A  118A  28E0   	ljmp	_I2C_INT_SlaveRead
  1545                           
  1546                           	psect	config
  1547                           
  1548                           ;Config register CONFIG @ 0x2007
  1549                           ;	Oscillator Selection bits
  1550                           ;	FOSC = XT, XT oscillator
  1551                           ;	Watchdog Timer Enable bit
  1552                           ;	WDTE = OFF, WDT disabled
  1553                           ;	Power-up Timer Enable bit
  1554                           ;	PWRTE = ON, PWRT enabled
  1555                           ;	Brown-out Reset Enable bit
  1556                           ;	BOREN = ON, BOR enabled
  1557                           ;	Low-Voltage (Single-Supply) In-Circuit Serial Programming Enable bit
  1558                           ;	LVP = OFF, RB3 is digital I/O, HV on MCLR must be used for programming
  1559                           ;	Data EEPROM Memory Code Protection bit
  1560                           ;	CPD = OFF, Data EEPROM code protection off
  1561                           ;	Flash Program Memory Write Enable bits
  1562                           ;	WRT = OFF, Write protection off; all program memory may be written to by EECON control
  1563                           ;	In-Circuit Debugger Mode bit
  1564                           ;	DEBUG = 0x1, unprogrammed default
  1565                           ;	Flash Program Memory Code Protection bit
  1566                           ;	CP = OFF, Code protection off
  1567  2007                     	org	8199
  1568  2007  3F71               	dw	16241

Data Sizes:
    Strings     0
    Constant    0
    Data        11
    BSS         1
    Persistent  0
    Stack       0

Auto Spaces:
    Space          Size  Autos    Used
    COMMON           14      6       8
    BANK0            80     26      36
    BANK1            80      0       0
    BANK3            96      0       0
    BANK2            96      0       0

Pointer List with Targets:

    I2C_Init@i2c_config	PTR struct . size(1) Largest target is 6
		 -> main@config(BANK0[6]), 


Critical Paths under _main in COMMON

    None.

Critical Paths under _I2C_INT_SlaveRead in COMMON

    None.

Critical Paths under _main in BANK0

    _main->_I2C_Init
    _I2C_Init->___lldiv

Critical Paths under _I2C_INT_SlaveRead in BANK0

    None.

Critical Paths under _main in BANK1

    None.

Critical Paths under _I2C_INT_SlaveRead in BANK1

    None.

Critical Paths under _main in BANK3

    None.

Critical Paths under _I2C_INT_SlaveRead in BANK3

    None.

Critical Paths under _main in BANK2

    None.

Critical Paths under _I2C_INT_SlaveRead in BANK2

    None.

Call Graph Tables:

 ---------------------------------------------------------------------------------
 (Depth) Function   	        Calls       Base Space   Used Autos Params    Refs
 ---------------------------------------------------------------------------------
 (0) _main                                                11    11      0     741
                                             15 BANK0     11    11      0
                           _I2C_Init
              _I2C_Master_Send_Start
               _I2C_Master_Send_Stop
               _I2C_Master_WriteByte
 ---------------------------------------------------------------------------------
 (1) _I2C_Master_WriteByte                                 1     1      0      31
                                              0 BANK0      1     1      0
                      _I2C_Wait_IDLE
 ---------------------------------------------------------------------------------
 (1) _I2C_Master_Send_Stop                                 0     0      0       0
                      _I2C_Wait_IDLE
 ---------------------------------------------------------------------------------
 (1) _I2C_Master_Send_Start                                0     0      0       0
                      _I2C_Wait_IDLE
 ---------------------------------------------------------------------------------
 (2) _I2C_Wait_IDLE                                        0     0      0       0
 ---------------------------------------------------------------------------------
 (1) _I2C_Init                                             1     1      0     550
                                             14 BANK0      1     1      0
                            ___lldiv
 ---------------------------------------------------------------------------------
 (2) ___lldiv                                             14     6      8     421
                                              0 BANK0     14     6      8
 ---------------------------------------------------------------------------------
 Estimated maximum stack depth 2
 ---------------------------------------------------------------------------------
 (Depth) Function   	        Calls       Base Space   Used Autos Params    Refs
 ---------------------------------------------------------------------------------
 (3) _I2C_INT_SlaveRead                                    6     6      0       0
                                              0 COMMON     6     6      0
 ---------------------------------------------------------------------------------
 Estimated maximum stack depth 3
 ---------------------------------------------------------------------------------

 Call Graph Graphs:

 _main (ROOT)
   _I2C_Init
     ___lldiv
   _I2C_Master_Send_Start
     _I2C_Wait_IDLE
   _I2C_Master_Send_Stop
     _I2C_Wait_IDLE
   _I2C_Master_WriteByte
     _I2C_Wait_IDLE

 _I2C_INT_SlaveRead (ROOT)

 Address spaces:
Name               Size   Autos  Total    Cost      Usage
BANK3               60      0       0       9        0.0%
BITBANK3            60      0       0       8        0.0%
SFR3                 0      0       0       4        0.0%
BITSFR3              0      0       0       4        0.0%
BANK2               60      0       0      11        0.0%
BITBANK2            60      0       0      10        0.0%
SFR2                 0      0       0       5        0.0%
BITSFR2              0      0       0       5        0.0%
BANK1               50      0       0       7        0.0%
BITBANK1            50      0       0       6        0.0%
SFR1                 0      0       0       2        0.0%
BITSFR1              0      0       0       2        0.0%
BANK0               50     1A      24       5       45.0%
BITBANK0            50      0       0       4        0.0%
SFR0                 0      0       0       1        0.0%
BITSFR0              0      0       0       1        0.0%
COMMON               E      6       8       1       57.1%
BITCOMMON            E      0       0       0        0.0%
CODE                 0      0       0       0        0.0%
DATA                 0      0      2C      12        0.0%
ABS                  0      0      2C       3        0.0%
NULL                 0      0       0       0        0.0%
STACK                0      0       0       2        0.0%
EEDATA             100      0       0       0        0.0%


Microchip Technology PIC Macro Assembler V2.20 build 20200408173844 
Symbol Table                                                                                   Sun Jul 05 00:04:49 2020

                             pc 0002                              _BF 04A0                              fsr 0004  
         _I2C_Master_Send_Start 01BE                             l150 01AA                             l144 00DF  
                           l153 01C6                             l170 017F                             l147 019E  
                           l171 018A                             l156 01BD                             l238 013D  
                           l255 016B                             l168 017B                             l393 0093  
                           _CKP 00A4                             _GIE 005F                             _PEN 048A  
                           u700 0052                             u701 0051                             u720 006D  
                           u721 006C                             u715 0054                             u740 008B  
                           u660 01A4                             _SEN 0488                             u741 008A  
                           u725 0069                             u661 01A3                             u670 01AA  
                           u750 017F                             u735 007D                             u671 01A9  
                           u751 017E                             u680 003E                             u760 00D9  
                           u681 003D                             u761 00D8                             u695 0043  
                           fsr0 0004                             indf 0000              I2C_Init@i2c_config 002E  
                          l1421 002C                            l1431 0052                            l1423 003E  
                          l1441 0085                            l1433 005B                            l1425 0041  
                          l1417 019E                            l1435 006D                            l1427 004A  
                          l1443 008B                            l1419 01A4                            l1451 0172  
                          l1437 007B                            l1429 004E                            l1461 01B5  
                          l1453 0177                            l1605 0162                            l1439 007C  
                          l1471 00C5                            l1447 01BE                            l1463 01BA  
                          l1455 0180                            l1607 0168                            l1473 00C8  
                          l1465 0097                            l1449 01C3                            l1457 0185  
                          l1483 00CE                            l1475 00CC                            l1467 009B  
                          l1571 0132                            l1485 00D9                            l1469 00A4  
                          l1581 0140                            l1573 0136                            l1479 00CD  
                          l1591 014E                            l1583 0143                            l1575 0137  
                          l1593 0154                            l1585 0143                            l1577 013D  
                          l1569 0128                            l1587 0143                            l1597 0159  
                          l1589 0148                            l1599 015F   __size_of_I2C_Master_Send_Stop 0009  
                          _PEIE 005E                            _RCEN 048B                            _WCOL 00A7  
                          _RSEN 0489                            _R_nW 04A2                            _main 0128  
              __end_of_I2C_Init 00E0                            btemp 007E                            start 0010  
                         ?_main 0070                           _ACKEN 048C                           _ACKDT 048D  
               __end_of___lldiv 0094                           i1l221 0108                           i1l222 00FA  
                         i1l230 011F                           i1l225 011D                           i1l227 0117  
 __size_of_I2C_Master_WriteByte 001C                           u30_20 00E4                           u30_21 00E3  
                         u31_20 00E9                           u31_21 00E8                           u32_20 00ED  
                         u32_21 00EC                           u33_20 00F7                           u33_21 00F6  
                         u34_20 0100                           u34_21 00FF                           u35_20 010C  
                         u35_21 010B                           _PORTA 0005                           _PORTC 0007  
                         _PORTD 0008                           u36_20 011D                           u36_21 011C  
                         _TRISA 0085                           _TRISC 0087                           _TRISD 0088  
                         _SSPIE 0463                           _SSPEN 00A5                           _SSPIF 0063  
                         _SSPOV 00A6                           pclath 000A                           status 0003  
                         wtemp0 007E          __size_of_I2C_Wait_IDLE 000D                 __initialization 0013  
                  __end_of_main 016F          ?_I2C_Master_Send_Start 0070                          ??_main 0076  
                        i1l1101 010C                          i1l1103 010F                          i1l1105 0112  
                        i1l1107 0116                          i1l1081 00E4                          i1l1091 00F0  
                        i1l1083 00E9                          i1l1093 00F1                          i1l1085 00ED  
                        i1l1095 00F7                          i1l1087 00EE                          i1l1079 00E0  
                        i1l1097 0100                          i1l1089 00EF                          i1l1099 0106  
                        _SSPADD 0093                          _SSPCON 0014                          _SSPBUF 0013  
                     ??___lldiv 0028                    __pdataCOMMON 0077                       ?_I2C_Init 0070  
                 _I2C_Wait_IDLE 019E                          saved_w 007E         __end_of__initialization 0028  
                __pcstackCOMMON 0070                    __pidataBANK0 01AB                  ?_I2C_Wait_IDLE 0070  
                    ??_I2C_Init 0076                      __pmaintext 0128    __end_of_I2C_Master_Send_Stop 01BE  
                    __pintentry 0004                         _ACKSTAT 048E                         _SSPCON2 0091  
                       _SSPSTAT 0094                         _TX_DATA 0077                         _RX_Data 0076  
  __end_of_I2C_Master_WriteByte 018B         ??_I2C_Master_Send_Start 0076                    _Display_code 003A  
                       ___lldiv 002C                 ??_I2C_Wait_IDLE 0076                         __ptext1 016F  
                       __ptext2 01B5                         __ptext3 01BE                         __ptext4 019E  
                       __ptext5 0094                         __ptext6 002C                         __ptext7 00E0  
          end_of_initialization 0028                 ___lldiv@divisor 0020                 ___lldiv@counter 002D  
             __size_of_I2C_Init 004C            _I2C_Master_Send_Stop 01B5                      main@config 0034  
                 __pidataCOMMON 01C7            _I2C_Master_WriteByte 016F             start_initialization 0013  
         ?_I2C_Master_Send_Stop 0070                      init_fetch0 018B                     __pdataBANK0 003A  
         ?_I2C_Master_WriteByte 0070               _I2C_INT_SlaveRead 00E0                     __pbssCOMMON 0076  
                     ___latbits 0002                   __pcstackBANK0 0020              ?_I2C_INT_SlaveRead 0070  
           ??_I2C_INT_SlaveRead 0070                        ?___lldiv 0020  __size_of_I2C_Master_Send_Start 0009  
 __end_of_I2C_Master_Send_Start 01C7       __end_of_I2C_INT_SlaveRead 0128                        _I2C_Init 0094  
        ??_I2C_Master_Send_Stop 0076               interrupt_function 0004          ??_I2C_Master_WriteByte 0076  
         __end_of_I2C_Wait_IDLE 01AB                __size_of___lldiv 0068      __size_of_I2C_INT_SlaveRead 0048  
                 __size_of_main 0047                        init_ram0 018F                        intlevel1 0000  
              ___lldiv@dividend 0024                ___lldiv@quotient 0029        I2C_Master_WriteByte@Data 0020  
